Performing C SOURCE FILE Test CHECK_CPU_ARCHITECTURE_X86 failed with the following output:
Change Dir: /home/wyatt/Documents/GitHub/SoloPractice/build/CMakeFiles/CMakeTmp

Run Build Command(s):/usr/bin/gmake -f Makefile cmTC_dedc0/fast && /usr/bin/gmake  -f CMakeFiles/cmTC_dedc0.dir/build.make CMakeFiles/cmTC_dedc0.dir/build
gmake[1]: Entering directory '/home/wyatt/Documents/GitHub/SoloPractice/build/CMakeFiles/CMakeTmp'
Building C object CMakeFiles/cmTC_dedc0.dir/src.c.o
/usr/bin/gcc -DCHECK_CPU_ARCHITECTURE_X86   -o CMakeFiles/cmTC_dedc0.dir/src.c.o -c /home/wyatt/Documents/GitHub/SoloPractice/build/CMakeFiles/CMakeTmp/src.c
/home/wyatt/Documents/GitHub/SoloPractice/build/CMakeFiles/CMakeTmp/src.c: In function ‘main’:
/home/wyatt/Documents/GitHub/SoloPractice/build/CMakeFiles/CMakeTmp/src.c:6:3: error: ‘choke’ undeclared (first use in this function)
    6 |   choke
      |   ^~~~~
/home/wyatt/Documents/GitHub/SoloPractice/build/CMakeFiles/CMakeTmp/src.c:6:3: note: each undeclared identifier is reported only once for each function it appears in
/home/wyatt/Documents/GitHub/SoloPractice/build/CMakeFiles/CMakeTmp/src.c:6:8: error: expected ‘;’ before ‘}’ token
    6 |   choke
      |        ^
      |        ;
    7 | #endif
    8 | }
      | ~       
gmake[1]: *** [CMakeFiles/cmTC_dedc0.dir/build.make:78: CMakeFiles/cmTC_dedc0.dir/src.c.o] Error 1
gmake[1]: Leaving directory '/home/wyatt/Documents/GitHub/SoloPractice/build/CMakeFiles/CMakeTmp'
gmake: *** [Makefile:127: cmTC_dedc0/fast] Error 2


Source file was:

int main(int argc, char *argv[]) {
#if defined(__i386__) || defined(__i486__) || defined(__i586__) || defined(__i686__) ||defined( __i386) || defined(_M_IX86)
  return 0;
#else
  choke
#endif
}

Performing C SOURCE FILE Test CHECK_CPU_ARCHITECTURE_ARM32 failed with the following output:
Change Dir: /home/wyatt/Documents/GitHub/SoloPractice/build/CMakeFiles/CMakeTmp

Run Build Command(s):/usr/bin/gmake -f Makefile cmTC_fc437/fast && /usr/bin/gmake  -f CMakeFiles/cmTC_fc437.dir/build.make CMakeFiles/cmTC_fc437.dir/build
gmake[1]: Entering directory '/home/wyatt/Documents/GitHub/SoloPractice/build/CMakeFiles/CMakeTmp'
Building C object CMakeFiles/cmTC_fc437.dir/src.c.o
/usr/bin/gcc -DCHECK_CPU_ARCHITECTURE_ARM32   -o CMakeFiles/cmTC_fc437.dir/src.c.o -c /home/wyatt/Documents/GitHub/SoloPractice/build/CMakeFiles/CMakeTmp/src.c
/home/wyatt/Documents/GitHub/SoloPractice/build/CMakeFiles/CMakeTmp/src.c: In function ‘main’:
/home/wyatt/Documents/GitHub/SoloPractice/build/CMakeFiles/CMakeTmp/src.c:6:3: error: ‘choke’ undeclared (first use in this function)
    6 |   choke
      |   ^~~~~
/home/wyatt/Documents/GitHub/SoloPractice/build/CMakeFiles/CMakeTmp/src.c:6:3: note: each undeclared identifier is reported only once for each function it appears in
/home/wyatt/Documents/GitHub/SoloPractice/build/CMakeFiles/CMakeTmp/src.c:6:8: error: expected ‘;’ before ‘}’ token
    6 |   choke
      |        ^
      |        ;
    7 | #endif
    8 | }
      | ~       
gmake[1]: *** [CMakeFiles/cmTC_fc437.dir/build.make:78: CMakeFiles/cmTC_fc437.dir/src.c.o] Error 1
gmake[1]: Leaving directory '/home/wyatt/Documents/GitHub/SoloPractice/build/CMakeFiles/CMakeTmp'
gmake: *** [Makefile:127: cmTC_fc437/fast] Error 2


Source file was:

int main(int argc, char *argv[]) {
#if defined(__arm__) || defined(_M_ARM)
  return 0;
#else
  choke
#endif
}

Performing C SOURCE FILE Test CHECK_CPU_ARCHITECTURE_ARM64 failed with the following output:
Change Dir: /home/wyatt/Documents/GitHub/SoloPractice/build/CMakeFiles/CMakeTmp

Run Build Command(s):/usr/bin/gmake -f Makefile cmTC_c69fd/fast && /usr/bin/gmake  -f CMakeFiles/cmTC_c69fd.dir/build.make CMakeFiles/cmTC_c69fd.dir/build
gmake[1]: Entering directory '/home/wyatt/Documents/GitHub/SoloPractice/build/CMakeFiles/CMakeTmp'
Building C object CMakeFiles/cmTC_c69fd.dir/src.c.o
/usr/bin/gcc -DCHECK_CPU_ARCHITECTURE_ARM64   -o CMakeFiles/cmTC_c69fd.dir/src.c.o -c /home/wyatt/Documents/GitHub/SoloPractice/build/CMakeFiles/CMakeTmp/src.c
/home/wyatt/Documents/GitHub/SoloPractice/build/CMakeFiles/CMakeTmp/src.c: In function ‘main’:
/home/wyatt/Documents/GitHub/SoloPractice/build/CMakeFiles/CMakeTmp/src.c:6:3: error: ‘choke’ undeclared (first use in this function)
    6 |   choke
      |   ^~~~~
/home/wyatt/Documents/GitHub/SoloPractice/build/CMakeFiles/CMakeTmp/src.c:6:3: note: each undeclared identifier is reported only once for each function it appears in
/home/wyatt/Documents/GitHub/SoloPractice/build/CMakeFiles/CMakeTmp/src.c:6:8: error: expected ‘;’ before ‘}’ token
    6 |   choke
      |        ^
      |        ;
    7 | #endif
    8 | }
      | ~       
gmake[1]: *** [CMakeFiles/cmTC_c69fd.dir/build.make:78: CMakeFiles/cmTC_c69fd.dir/src.c.o] Error 1
gmake[1]: Leaving directory '/home/wyatt/Documents/GitHub/SoloPractice/build/CMakeFiles/CMakeTmp'
gmake: *** [Makefile:127: cmTC_c69fd/fast] Error 2


Source file was:

int main(int argc, char *argv[]) {
#if defined(__aarch64__) || defined(_M_ARM64)
  return 0;
#else
  choke
#endif
}

Performing C SOURCE FILE Test CHECK_CPU_ARCHITECTURE_LOONGARCH64 failed with the following output:
Change Dir: /home/wyatt/Documents/GitHub/SoloPractice/build/CMakeFiles/CMakeTmp

Run Build Command(s):/usr/bin/gmake -f Makefile cmTC_37b3c/fast && /usr/bin/gmake  -f CMakeFiles/cmTC_37b3c.dir/build.make CMakeFiles/cmTC_37b3c.dir/build
gmake[1]: Entering directory '/home/wyatt/Documents/GitHub/SoloPractice/build/CMakeFiles/CMakeTmp'
Building C object CMakeFiles/cmTC_37b3c.dir/src.c.o
/usr/bin/gcc -DCHECK_CPU_ARCHITECTURE_LOONGARCH64   -o CMakeFiles/cmTC_37b3c.dir/src.c.o -c /home/wyatt/Documents/GitHub/SoloPractice/build/CMakeFiles/CMakeTmp/src.c
/home/wyatt/Documents/GitHub/SoloPractice/build/CMakeFiles/CMakeTmp/src.c: In function ‘main’:
/home/wyatt/Documents/GitHub/SoloPractice/build/CMakeFiles/CMakeTmp/src.c:6:3: error: ‘choke’ undeclared (first use in this function)
    6 |   choke
      |   ^~~~~
/home/wyatt/Documents/GitHub/SoloPractice/build/CMakeFiles/CMakeTmp/src.c:6:3: note: each undeclared identifier is reported only once for each function it appears in
/home/wyatt/Documents/GitHub/SoloPractice/build/CMakeFiles/CMakeTmp/src.c:6:8: error: expected ‘;’ before ‘}’ token
    6 |   choke
      |        ^
      |        ;
    7 | #endif
    8 | }
      | ~       
gmake[1]: *** [CMakeFiles/cmTC_37b3c.dir/build.make:78: CMakeFiles/cmTC_37b3c.dir/src.c.o] Error 1
gmake[1]: Leaving directory '/home/wyatt/Documents/GitHub/SoloPractice/build/CMakeFiles/CMakeTmp'
gmake: *** [Makefile:127: cmTC_37b3c/fast] Error 2


Source file was:

int main(int argc, char *argv[]) {
#if defined(__loongarch64)
  return 0;
#else
  choke
#endif
}

Performing C SOURCE FILE Test HAVE_GCC_WDOCUMENTATION failed with the following output:
Change Dir: /home/wyatt/Documents/GitHub/SoloPractice/build/CMakeFiles/CMakeTmp

Run Build Command(s):/usr/bin/gmake -f Makefile cmTC_faa01/fast && /usr/bin/gmake  -f CMakeFiles/cmTC_faa01.dir/build.make CMakeFiles/cmTC_faa01.dir/build
gmake[1]: Entering directory '/home/wyatt/Documents/GitHub/SoloPractice/build/CMakeFiles/CMakeTmp'
Building C object CMakeFiles/cmTC_faa01.dir/src.c.o
/usr/bin/gcc -DHAVE_GCC_WDOCUMENTATION  -idirafter "/home/wyatt/Documents/GitHub/SoloPractice/SDL2-2.30.0/src/video/khronos"  -D_GNU_SOURCE=1   -Wdocumentation -o CMakeFiles/cmTC_faa01.dir/src.c.o -c /home/wyatt/Documents/GitHub/SoloPractice/build/CMakeFiles/CMakeTmp/src.c
gcc: error: unrecognized command-line option '-Wdocumentation'
gmake[1]: *** [CMakeFiles/cmTC_faa01.dir/build.make:78: CMakeFiles/cmTC_faa01.dir/src.c.o] Error 1
gmake[1]: Leaving directory '/home/wyatt/Documents/GitHub/SoloPractice/build/CMakeFiles/CMakeTmp'
gmake: *** [Makefile:127: cmTC_faa01/fast] Error 2


Source file was:
int main(void) { return 0; }
Performing C SOURCE FILE Test HAVE_GCC_WDOCUMENTATION_UNKNOWN_COMMAND failed with the following output:
Change Dir: /home/wyatt/Documents/GitHub/SoloPractice/build/CMakeFiles/CMakeTmp

Run Build Command(s):/usr/bin/gmake -f Makefile cmTC_a20d1/fast && /usr/bin/gmake  -f CMakeFiles/cmTC_a20d1.dir/build.make CMakeFiles/cmTC_a20d1.dir/build
gmake[1]: Entering directory '/home/wyatt/Documents/GitHub/SoloPractice/build/CMakeFiles/CMakeTmp'
Building C object CMakeFiles/cmTC_a20d1.dir/src.c.o
/usr/bin/gcc -DHAVE_GCC_WDOCUMENTATION_UNKNOWN_COMMAND  -idirafter "/home/wyatt/Documents/GitHub/SoloPractice/SDL2-2.30.0/src/video/khronos"  -D_GNU_SOURCE=1   -Wdocumentation-unknown-command -o CMakeFiles/cmTC_a20d1.dir/src.c.o -c /home/wyatt/Documents/GitHub/SoloPractice/build/CMakeFiles/CMakeTmp/src.c
gcc: error: unrecognized command-line option '-Wdocumentation-unknown-command'
gmake[1]: *** [CMakeFiles/cmTC_a20d1.dir/build.make:78: CMakeFiles/cmTC_a20d1.dir/src.c.o] Error 1
gmake[1]: Leaving directory '/home/wyatt/Documents/GitHub/SoloPractice/build/CMakeFiles/CMakeTmp'
gmake: *** [Makefile:127: cmTC_a20d1/fast] Error 2


Source file was:
int main(void) { return 0; }
Performing C SOURCE FILE Test HAVE_GCC_COMMENT_BLOCK_COMMANDS failed with the following output:
Change Dir: /home/wyatt/Documents/GitHub/SoloPractice/build/CMakeFiles/CMakeTmp

Run Build Command(s):/usr/bin/gmake -f Makefile cmTC_189dd/fast && /usr/bin/gmake  -f CMakeFiles/cmTC_189dd.dir/build.make CMakeFiles/cmTC_189dd.dir/build
gmake[1]: Entering directory '/home/wyatt/Documents/GitHub/SoloPractice/build/CMakeFiles/CMakeTmp'
Building C object CMakeFiles/cmTC_189dd.dir/src.c.o
/usr/bin/gcc -DHAVE_GCC_COMMENT_BLOCK_COMMANDS  -idirafter "/home/wyatt/Documents/GitHub/SoloPractice/SDL2-2.30.0/src/video/khronos"  -D_GNU_SOURCE=1   -fcomment-block-commands=threadsafety -o CMakeFiles/cmTC_189dd.dir/src.c.o -c /home/wyatt/Documents/GitHub/SoloPractice/build/CMakeFiles/CMakeTmp/src.c
gcc: error: unrecognized command-line option '-fcomment-block-commands=threadsafety'
gmake[1]: *** [CMakeFiles/cmTC_189dd.dir/build.make:78: CMakeFiles/cmTC_189dd.dir/src.c.o] Error 1
gmake[1]: Leaving directory '/home/wyatt/Documents/GitHub/SoloPractice/build/CMakeFiles/CMakeTmp'
gmake: *** [Makefile:127: cmTC_189dd/fast] Error 2


Source file was:
int main(void) { return 0; }
Performing C SOURCE FILE Test HAVE_CLANG_COMMENT_BLOCK_COMMANDS failed with the following output:
Change Dir: /home/wyatt/Documents/GitHub/SoloPractice/build/CMakeFiles/CMakeTmp

Run Build Command(s):/usr/bin/gmake -f Makefile cmTC_9acf4/fast && /usr/bin/gmake  -f CMakeFiles/cmTC_9acf4.dir/build.make CMakeFiles/cmTC_9acf4.dir/build
gmake[1]: Entering directory '/home/wyatt/Documents/GitHub/SoloPractice/build/CMakeFiles/CMakeTmp'
Building C object CMakeFiles/cmTC_9acf4.dir/src.c.o
/usr/bin/gcc -DHAVE_CLANG_COMMENT_BLOCK_COMMANDS  -idirafter "/home/wyatt/Documents/GitHub/SoloPractice/SDL2-2.30.0/src/video/khronos"  -D_GNU_SOURCE=1   /clang:-fcomment-block-commands=threadsafety -o CMakeFiles/cmTC_9acf4.dir/src.c.o -c /home/wyatt/Documents/GitHub/SoloPractice/build/CMakeFiles/CMakeTmp/src.c
gcc: warning: /clang:-fcomment-block-commands=threadsafety: linker input file unused because linking not done
gcc: error: /clang:-fcomment-block-commands=threadsafety: linker input file not found: No such file or directory
gmake[1]: *** [CMakeFiles/cmTC_9acf4.dir/build.make:78: CMakeFiles/cmTC_9acf4.dir/src.c.o] Error 1
gmake[1]: *** Deleting file 'CMakeFiles/cmTC_9acf4.dir/src.c.o'
gmake[1]: Leaving directory '/home/wyatt/Documents/GitHub/SoloPractice/build/CMakeFiles/CMakeTmp'
gmake: *** [Makefile:127: cmTC_9acf4/fast] Error 2


Source file was:
int main(void) { return 0; }
Performing C SOURCE FILE Test HAVE_ALTIVEC_H_HDR failed with the following output:
Change Dir: /home/wyatt/Documents/GitHub/SoloPractice/build/CMakeFiles/CMakeTmp

Run Build Command(s):/usr/bin/gmake -f Makefile cmTC_559e7/fast && /usr/bin/gmake  -f CMakeFiles/cmTC_559e7.dir/build.make CMakeFiles/cmTC_559e7.dir/build
gmake[1]: Entering directory '/home/wyatt/Documents/GitHub/SoloPractice/build/CMakeFiles/CMakeTmp'
Building C object CMakeFiles/cmTC_559e7.dir/src.c.o
/usr/bin/gcc -DHAVE_ALTIVEC_H_HDR  -idirafter "/home/wyatt/Documents/GitHub/SoloPractice/SDL2-2.30.0/src/video/khronos" -maltivec -o CMakeFiles/cmTC_559e7.dir/src.c.o -c /home/wyatt/Documents/GitHub/SoloPractice/build/CMakeFiles/CMakeTmp/src.c
gcc: error: unrecognized command-line option ‘-maltivec’
gmake[1]: *** [CMakeFiles/cmTC_559e7.dir/build.make:78: CMakeFiles/cmTC_559e7.dir/src.c.o] Error 1
gmake[1]: Leaving directory '/home/wyatt/Documents/GitHub/SoloPractice/build/CMakeFiles/CMakeTmp'
gmake: *** [Makefile:127: cmTC_559e7/fast] Error 2


Source file was:

          #include <altivec.h>
          vector unsigned int vzero() {
              return vec_splat_u32(0);
          }
          int main(int argc, char **argv) { return 0; }
Performing C SOURCE FILE Test CPU_SUPPORTS_ALTIVEC failed with the following output:
Change Dir: /home/wyatt/Documents/GitHub/SoloPractice/build/CMakeFiles/CMakeTmp

Run Build Command(s):/usr/bin/gmake -f Makefile cmTC_9c19e/fast && /usr/bin/gmake  -f CMakeFiles/cmTC_9c19e.dir/build.make CMakeFiles/cmTC_9c19e.dir/build
gmake[1]: Entering directory '/home/wyatt/Documents/GitHub/SoloPractice/build/CMakeFiles/CMakeTmp'
Building C object CMakeFiles/cmTC_9c19e.dir/src.c.o
/usr/bin/gcc -DCPU_SUPPORTS_ALTIVEC  -idirafter "/home/wyatt/Documents/GitHub/SoloPractice/SDL2-2.30.0/src/video/khronos" -maltivec -o CMakeFiles/cmTC_9c19e.dir/src.c.o -c /home/wyatt/Documents/GitHub/SoloPractice/build/CMakeFiles/CMakeTmp/src.c
gcc: error: unrecognized command-line option ‘-maltivec’
gmake[1]: *** [CMakeFiles/cmTC_9c19e.dir/build.make:78: CMakeFiles/cmTC_9c19e.dir/src.c.o] Error 1
gmake[1]: Leaving directory '/home/wyatt/Documents/GitHub/SoloPractice/build/CMakeFiles/CMakeTmp'
gmake: *** [Makefile:127: cmTC_9c19e/fast] Error 2


Source file was:

          vector unsigned int vzero() {
              return vec_splat_u32(0);
          }
          int main(int argc, char **argv) { return 0; }
Determining if the strlcpy exist failed with the following output:
Change Dir: /home/wyatt/Documents/GitHub/SoloPractice/build/CMakeFiles/CMakeTmp

Run Build Command(s):/usr/bin/gmake -f Makefile cmTC_542bf/fast && /usr/bin/gmake  -f CMakeFiles/cmTC_542bf.dir/build.make CMakeFiles/cmTC_542bf.dir/build
gmake[1]: Entering directory '/home/wyatt/Documents/GitHub/SoloPractice/build/CMakeFiles/CMakeTmp'
Building C object CMakeFiles/cmTC_542bf.dir/CheckSymbolExists.c.o
/usr/bin/gcc   -idirafter "/home/wyatt/Documents/GitHub/SoloPractice/SDL2-2.30.0/src/video/khronos"  -D_GNU_SOURCE=1 -o CMakeFiles/cmTC_542bf.dir/CheckSymbolExists.c.o -c /home/wyatt/Documents/GitHub/SoloPractice/build/CMakeFiles/CMakeTmp/CheckSymbolExists.c
/home/wyatt/Documents/GitHub/SoloPractice/build/CMakeFiles/CMakeTmp/CheckSymbolExists.c: In function ‘main’:
/home/wyatt/Documents/GitHub/SoloPractice/build/CMakeFiles/CMakeTmp/CheckSymbolExists.c:14:19: error: ‘strlcpy’ undeclared (first use in this function); did you mean ‘strncpy’?
   14 |   return ((int*)(&strlcpy))[argc];
      |                   ^~~~~~~
      |                   strncpy
/home/wyatt/Documents/GitHub/SoloPractice/build/CMakeFiles/CMakeTmp/CheckSymbolExists.c:14:19: note: each undeclared identifier is reported only once for each function it appears in
gmake[1]: *** [CMakeFiles/cmTC_542bf.dir/build.make:78: CMakeFiles/cmTC_542bf.dir/CheckSymbolExists.c.o] Error 1
gmake[1]: Leaving directory '/home/wyatt/Documents/GitHub/SoloPractice/build/CMakeFiles/CMakeTmp'
gmake: *** [Makefile:127: cmTC_542bf/fast] Error 2


File /home/wyatt/Documents/GitHub/SoloPractice/build/CMakeFiles/CMakeTmp/CheckSymbolExists.c:
/* */
#include <stddef.h>
#include <stdarg.h>
#include <stdlib.h>
#include <string.h>
#include <stdio.h>
#include <wchar.h>
#include <float.h>

int main(int argc, char** argv)
{
  (void)argv;
#ifndef strlcpy
  return ((int*)(&strlcpy))[argc];
#else
  (void)argc;
  return 0;
#endif
}
Determining if the strlcat exist failed with the following output:
Change Dir: /home/wyatt/Documents/GitHub/SoloPractice/build/CMakeFiles/CMakeTmp

Run Build Command(s):/usr/bin/gmake -f Makefile cmTC_f6393/fast && /usr/bin/gmake  -f CMakeFiles/cmTC_f6393.dir/build.make CMakeFiles/cmTC_f6393.dir/build
gmake[1]: Entering directory '/home/wyatt/Documents/GitHub/SoloPractice/build/CMakeFiles/CMakeTmp'
Building C object CMakeFiles/cmTC_f6393.dir/CheckSymbolExists.c.o
/usr/bin/gcc   -idirafter "/home/wyatt/Documents/GitHub/SoloPractice/SDL2-2.30.0/src/video/khronos"  -D_GNU_SOURCE=1 -o CMakeFiles/cmTC_f6393.dir/CheckSymbolExists.c.o -c /home/wyatt/Documents/GitHub/SoloPractice/build/CMakeFiles/CMakeTmp/CheckSymbolExists.c
/home/wyatt/Documents/GitHub/SoloPractice/build/CMakeFiles/CMakeTmp/CheckSymbolExists.c: In function ‘main’:
/home/wyatt/Documents/GitHub/SoloPractice/build/CMakeFiles/CMakeTmp/CheckSymbolExists.c:14:19: error: ‘strlcat’ undeclared (first use in this function); did you mean ‘strncat’?
   14 |   return ((int*)(&strlcat))[argc];
      |                   ^~~~~~~
      |                   strncat
/home/wyatt/Documents/GitHub/SoloPractice/build/CMakeFiles/CMakeTmp/CheckSymbolExists.c:14:19: note: each undeclared identifier is reported only once for each function it appears in
gmake[1]: *** [CMakeFiles/cmTC_f6393.dir/build.make:78: CMakeFiles/cmTC_f6393.dir/CheckSymbolExists.c.o] Error 1
gmake[1]: Leaving directory '/home/wyatt/Documents/GitHub/SoloPractice/build/CMakeFiles/CMakeTmp'
gmake: *** [Makefile:127: cmTC_f6393/fast] Error 2


File /home/wyatt/Documents/GitHub/SoloPractice/build/CMakeFiles/CMakeTmp/CheckSymbolExists.c:
/* */
#include <stddef.h>
#include <stdarg.h>
#include <stdlib.h>
#include <string.h>
#include <stdio.h>
#include <wchar.h>
#include <float.h>

int main(int argc, char** argv)
{
  (void)argv;
#ifndef strlcat
  return ((int*)(&strlcat))[argc];
#else
  (void)argc;
  return 0;
#endif
}
Determining if the _strrev exist failed with the following output:
Change Dir: /home/wyatt/Documents/GitHub/SoloPractice/build/CMakeFiles/CMakeTmp

Run Build Command(s):/usr/bin/gmake -f Makefile cmTC_a7b35/fast && /usr/bin/gmake  -f CMakeFiles/cmTC_a7b35.dir/build.make CMakeFiles/cmTC_a7b35.dir/build
gmake[1]: Entering directory '/home/wyatt/Documents/GitHub/SoloPractice/build/CMakeFiles/CMakeTmp'
Building C object CMakeFiles/cmTC_a7b35.dir/CheckSymbolExists.c.o
/usr/bin/gcc   -idirafter "/home/wyatt/Documents/GitHub/SoloPractice/SDL2-2.30.0/src/video/khronos"  -D_GNU_SOURCE=1 -o CMakeFiles/cmTC_a7b35.dir/CheckSymbolExists.c.o -c /home/wyatt/Documents/GitHub/SoloPractice/build/CMakeFiles/CMakeTmp/CheckSymbolExists.c
/home/wyatt/Documents/GitHub/SoloPractice/build/CMakeFiles/CMakeTmp/CheckSymbolExists.c: In function ‘main’:
/home/wyatt/Documents/GitHub/SoloPractice/build/CMakeFiles/CMakeTmp/CheckSymbolExists.c:14:19: error: ‘_strrev’ undeclared (first use in this function)
   14 |   return ((int*)(&_strrev))[argc];
      |                   ^~~~~~~
/home/wyatt/Documents/GitHub/SoloPractice/build/CMakeFiles/CMakeTmp/CheckSymbolExists.c:14:19: note: each undeclared identifier is reported only once for each function it appears in
gmake[1]: *** [CMakeFiles/cmTC_a7b35.dir/build.make:78: CMakeFiles/cmTC_a7b35.dir/CheckSymbolExists.c.o] Error 1
gmake[1]: Leaving directory '/home/wyatt/Documents/GitHub/SoloPractice/build/CMakeFiles/CMakeTmp'
gmake: *** [Makefile:127: cmTC_a7b35/fast] Error 2


File /home/wyatt/Documents/GitHub/SoloPractice/build/CMakeFiles/CMakeTmp/CheckSymbolExists.c:
/* */
#include <stddef.h>
#include <stdarg.h>
#include <stdlib.h>
#include <string.h>
#include <stdio.h>
#include <wchar.h>
#include <float.h>

int main(int argc, char** argv)
{
  (void)argv;
#ifndef _strrev
  return ((int*)(&_strrev))[argc];
#else
  (void)argc;
  return 0;
#endif
}
Determining if the _strupr exist failed with the following output:
Change Dir: /home/wyatt/Documents/GitHub/SoloPractice/build/CMakeFiles/CMakeTmp

Run Build Command(s):/usr/bin/gmake -f Makefile cmTC_837c8/fast && /usr/bin/gmake  -f CMakeFiles/cmTC_837c8.dir/build.make CMakeFiles/cmTC_837c8.dir/build
gmake[1]: Entering directory '/home/wyatt/Documents/GitHub/SoloPractice/build/CMakeFiles/CMakeTmp'
Building C object CMakeFiles/cmTC_837c8.dir/CheckSymbolExists.c.o
/usr/bin/gcc   -idirafter "/home/wyatt/Documents/GitHub/SoloPractice/SDL2-2.30.0/src/video/khronos"  -D_GNU_SOURCE=1 -o CMakeFiles/cmTC_837c8.dir/CheckSymbolExists.c.o -c /home/wyatt/Documents/GitHub/SoloPractice/build/CMakeFiles/CMakeTmp/CheckSymbolExists.c
/home/wyatt/Documents/GitHub/SoloPractice/build/CMakeFiles/CMakeTmp/CheckSymbolExists.c: In function ‘main’:
/home/wyatt/Documents/GitHub/SoloPractice/build/CMakeFiles/CMakeTmp/CheckSymbolExists.c:14:19: error: ‘_strupr’ undeclared (first use in this function)
   14 |   return ((int*)(&_strupr))[argc];
      |                   ^~~~~~~
/home/wyatt/Documents/GitHub/SoloPractice/build/CMakeFiles/CMakeTmp/CheckSymbolExists.c:14:19: note: each undeclared identifier is reported only once for each function it appears in
gmake[1]: *** [CMakeFiles/cmTC_837c8.dir/build.make:78: CMakeFiles/cmTC_837c8.dir/CheckSymbolExists.c.o] Error 1
gmake[1]: Leaving directory '/home/wyatt/Documents/GitHub/SoloPractice/build/CMakeFiles/CMakeTmp'
gmake: *** [Makefile:127: cmTC_837c8/fast] Error 2


File /home/wyatt/Documents/GitHub/SoloPractice/build/CMakeFiles/CMakeTmp/CheckSymbolExists.c:
/* */
#include <stddef.h>
#include <stdarg.h>
#include <stdlib.h>
#include <string.h>
#include <stdio.h>
#include <wchar.h>
#include <float.h>

int main(int argc, char** argv)
{
  (void)argv;
#ifndef _strupr
  return ((int*)(&_strupr))[argc];
#else
  (void)argc;
  return 0;
#endif
}
Determining if the _strlwr exist failed with the following output:
Change Dir: /home/wyatt/Documents/GitHub/SoloPractice/build/CMakeFiles/CMakeTmp

Run Build Command(s):/usr/bin/gmake -f Makefile cmTC_f8b4a/fast && /usr/bin/gmake  -f CMakeFiles/cmTC_f8b4a.dir/build.make CMakeFiles/cmTC_f8b4a.dir/build
gmake[1]: Entering directory '/home/wyatt/Documents/GitHub/SoloPractice/build/CMakeFiles/CMakeTmp'
Building C object CMakeFiles/cmTC_f8b4a.dir/CheckSymbolExists.c.o
/usr/bin/gcc   -idirafter "/home/wyatt/Documents/GitHub/SoloPractice/SDL2-2.30.0/src/video/khronos"  -D_GNU_SOURCE=1 -o CMakeFiles/cmTC_f8b4a.dir/CheckSymbolExists.c.o -c /home/wyatt/Documents/GitHub/SoloPractice/build/CMakeFiles/CMakeTmp/CheckSymbolExists.c
/home/wyatt/Documents/GitHub/SoloPractice/build/CMakeFiles/CMakeTmp/CheckSymbolExists.c: In function ‘main’:
/home/wyatt/Documents/GitHub/SoloPractice/build/CMakeFiles/CMakeTmp/CheckSymbolExists.c:14:19: error: ‘_strlwr’ undeclared (first use in this function)
   14 |   return ((int*)(&_strlwr))[argc];
      |                   ^~~~~~~
/home/wyatt/Documents/GitHub/SoloPractice/build/CMakeFiles/CMakeTmp/CheckSymbolExists.c:14:19: note: each undeclared identifier is reported only once for each function it appears in
gmake[1]: *** [CMakeFiles/cmTC_f8b4a.dir/build.make:78: CMakeFiles/cmTC_f8b4a.dir/CheckSymbolExists.c.o] Error 1
gmake[1]: Leaving directory '/home/wyatt/Documents/GitHub/SoloPractice/build/CMakeFiles/CMakeTmp'
gmake: *** [Makefile:127: cmTC_f8b4a/fast] Error 2


File /home/wyatt/Documents/GitHub/SoloPractice/build/CMakeFiles/CMakeTmp/CheckSymbolExists.c:
/* */
#include <stddef.h>
#include <stdarg.h>
#include <stdlib.h>
#include <string.h>
#include <stdio.h>
#include <wchar.h>
#include <float.h>

int main(int argc, char** argv)
{
  (void)argv;
#ifndef _strlwr
  return ((int*)(&_strlwr))[argc];
#else
  (void)argc;
  return 0;
#endif
}
Determining if the itoa exist failed with the following output:
Change Dir: /home/wyatt/Documents/GitHub/SoloPractice/build/CMakeFiles/CMakeTmp

Run Build Command(s):/usr/bin/gmake -f Makefile cmTC_64e3a/fast && /usr/bin/gmake  -f CMakeFiles/cmTC_64e3a.dir/build.make CMakeFiles/cmTC_64e3a.dir/build
gmake[1]: Entering directory '/home/wyatt/Documents/GitHub/SoloPractice/build/CMakeFiles/CMakeTmp'
Building C object CMakeFiles/cmTC_64e3a.dir/CheckSymbolExists.c.o
/usr/bin/gcc   -idirafter "/home/wyatt/Documents/GitHub/SoloPractice/SDL2-2.30.0/src/video/khronos"  -D_GNU_SOURCE=1 -o CMakeFiles/cmTC_64e3a.dir/CheckSymbolExists.c.o -c /home/wyatt/Documents/GitHub/SoloPractice/build/CMakeFiles/CMakeTmp/CheckSymbolExists.c
/home/wyatt/Documents/GitHub/SoloPractice/build/CMakeFiles/CMakeTmp/CheckSymbolExists.c: In function ‘main’:
/home/wyatt/Documents/GitHub/SoloPractice/build/CMakeFiles/CMakeTmp/CheckSymbolExists.c:14:19: error: ‘itoa’ undeclared (first use in this function)
   14 |   return ((int*)(&itoa))[argc];
      |                   ^~~~
/home/wyatt/Documents/GitHub/SoloPractice/build/CMakeFiles/CMakeTmp/CheckSymbolExists.c:14:19: note: each undeclared identifier is reported only once for each function it appears in
gmake[1]: *** [CMakeFiles/cmTC_64e3a.dir/build.make:78: CMakeFiles/cmTC_64e3a.dir/CheckSymbolExists.c.o] Error 1
gmake[1]: Leaving directory '/home/wyatt/Documents/GitHub/SoloPractice/build/CMakeFiles/CMakeTmp'
gmake: *** [Makefile:127: cmTC_64e3a/fast] Error 2


File /home/wyatt/Documents/GitHub/SoloPractice/build/CMakeFiles/CMakeTmp/CheckSymbolExists.c:
/* */
#include <stddef.h>
#include <stdarg.h>
#include <stdlib.h>
#include <string.h>
#include <stdio.h>
#include <wchar.h>
#include <float.h>

int main(int argc, char** argv)
{
  (void)argv;
#ifndef itoa
  return ((int*)(&itoa))[argc];
#else
  (void)argc;
  return 0;
#endif
}
Determining if the _ltoa exist failed with the following output:
Change Dir: /home/wyatt/Documents/GitHub/SoloPractice/build/CMakeFiles/CMakeTmp

Run Build Command(s):/usr/bin/gmake -f Makefile cmTC_ad35f/fast && /usr/bin/gmake  -f CMakeFiles/cmTC_ad35f.dir/build.make CMakeFiles/cmTC_ad35f.dir/build
gmake[1]: Entering directory '/home/wyatt/Documents/GitHub/SoloPractice/build/CMakeFiles/CMakeTmp'
Building C object CMakeFiles/cmTC_ad35f.dir/CheckSymbolExists.c.o
/usr/bin/gcc   -idirafter "/home/wyatt/Documents/GitHub/SoloPractice/SDL2-2.30.0/src/video/khronos"  -D_GNU_SOURCE=1 -o CMakeFiles/cmTC_ad35f.dir/CheckSymbolExists.c.o -c /home/wyatt/Documents/GitHub/SoloPractice/build/CMakeFiles/CMakeTmp/CheckSymbolExists.c
/home/wyatt/Documents/GitHub/SoloPractice/build/CMakeFiles/CMakeTmp/CheckSymbolExists.c: In function ‘main’:
/home/wyatt/Documents/GitHub/SoloPractice/build/CMakeFiles/CMakeTmp/CheckSymbolExists.c:14:19: error: ‘_ltoa’ undeclared (first use in this function)
   14 |   return ((int*)(&_ltoa))[argc];
      |                   ^~~~~
/home/wyatt/Documents/GitHub/SoloPractice/build/CMakeFiles/CMakeTmp/CheckSymbolExists.c:14:19: note: each undeclared identifier is reported only once for each function it appears in
gmake[1]: *** [CMakeFiles/cmTC_ad35f.dir/build.make:78: CMakeFiles/cmTC_ad35f.dir/CheckSymbolExists.c.o] Error 1
gmake[1]: Leaving directory '/home/wyatt/Documents/GitHub/SoloPractice/build/CMakeFiles/CMakeTmp'
gmake: *** [Makefile:127: cmTC_ad35f/fast] Error 2


File /home/wyatt/Documents/GitHub/SoloPractice/build/CMakeFiles/CMakeTmp/CheckSymbolExists.c:
/* */
#include <stddef.h>
#include <stdarg.h>
#include <stdlib.h>
#include <string.h>
#include <stdio.h>
#include <wchar.h>
#include <float.h>

int main(int argc, char** argv)
{
  (void)argv;
#ifndef _ltoa
  return ((int*)(&_ltoa))[argc];
#else
  (void)argc;
  return 0;
#endif
}
Determining if the _uitoa exist failed with the following output:
Change Dir: /home/wyatt/Documents/GitHub/SoloPractice/build/CMakeFiles/CMakeTmp

Run Build Command(s):/usr/bin/gmake -f Makefile cmTC_128ac/fast && /usr/bin/gmake  -f CMakeFiles/cmTC_128ac.dir/build.make CMakeFiles/cmTC_128ac.dir/build
gmake[1]: Entering directory '/home/wyatt/Documents/GitHub/SoloPractice/build/CMakeFiles/CMakeTmp'
Building C object CMakeFiles/cmTC_128ac.dir/CheckSymbolExists.c.o
/usr/bin/gcc   -idirafter "/home/wyatt/Documents/GitHub/SoloPractice/SDL2-2.30.0/src/video/khronos"  -D_GNU_SOURCE=1 -o CMakeFiles/cmTC_128ac.dir/CheckSymbolExists.c.o -c /home/wyatt/Documents/GitHub/SoloPractice/build/CMakeFiles/CMakeTmp/CheckSymbolExists.c
/home/wyatt/Documents/GitHub/SoloPractice/build/CMakeFiles/CMakeTmp/CheckSymbolExists.c: In function ‘main’:
/home/wyatt/Documents/GitHub/SoloPractice/build/CMakeFiles/CMakeTmp/CheckSymbolExists.c:14:19: error: ‘_uitoa’ undeclared (first use in this function)
   14 |   return ((int*)(&_uitoa))[argc];
      |                   ^~~~~~
/home/wyatt/Documents/GitHub/SoloPractice/build/CMakeFiles/CMakeTmp/CheckSymbolExists.c:14:19: note: each undeclared identifier is reported only once for each function it appears in
gmake[1]: *** [CMakeFiles/cmTC_128ac.dir/build.make:78: CMakeFiles/cmTC_128ac.dir/CheckSymbolExists.c.o] Error 1
gmake[1]: Leaving directory '/home/wyatt/Documents/GitHub/SoloPractice/build/CMakeFiles/CMakeTmp'
gmake: *** [Makefile:127: cmTC_128ac/fast] Error 2


File /home/wyatt/Documents/GitHub/SoloPractice/build/CMakeFiles/CMakeTmp/CheckSymbolExists.c:
/* */
#include <stddef.h>
#include <stdarg.h>
#include <stdlib.h>
#include <string.h>
#include <stdio.h>
#include <wchar.h>
#include <float.h>

int main(int argc, char** argv)
{
  (void)argv;
#ifndef _uitoa
  return ((int*)(&_uitoa))[argc];
#else
  (void)argc;
  return 0;
#endif
}
Determining if the _ultoa exist failed with the following output:
Change Dir: /home/wyatt/Documents/GitHub/SoloPractice/build/CMakeFiles/CMakeTmp

Run Build Command(s):/usr/bin/gmake -f Makefile cmTC_28851/fast && /usr/bin/gmake  -f CMakeFiles/cmTC_28851.dir/build.make CMakeFiles/cmTC_28851.dir/build
gmake[1]: Entering directory '/home/wyatt/Documents/GitHub/SoloPractice/build/CMakeFiles/CMakeTmp'
Building C object CMakeFiles/cmTC_28851.dir/CheckSymbolExists.c.o
/usr/bin/gcc   -idirafter "/home/wyatt/Documents/GitHub/SoloPractice/SDL2-2.30.0/src/video/khronos"  -D_GNU_SOURCE=1 -o CMakeFiles/cmTC_28851.dir/CheckSymbolExists.c.o -c /home/wyatt/Documents/GitHub/SoloPractice/build/CMakeFiles/CMakeTmp/CheckSymbolExists.c
/home/wyatt/Documents/GitHub/SoloPractice/build/CMakeFiles/CMakeTmp/CheckSymbolExists.c: In function ‘main’:
/home/wyatt/Documents/GitHub/SoloPractice/build/CMakeFiles/CMakeTmp/CheckSymbolExists.c:14:19: error: ‘_ultoa’ undeclared (first use in this function)
   14 |   return ((int*)(&_ultoa))[argc];
      |                   ^~~~~~
/home/wyatt/Documents/GitHub/SoloPractice/build/CMakeFiles/CMakeTmp/CheckSymbolExists.c:14:19: note: each undeclared identifier is reported only once for each function it appears in
gmake[1]: *** [CMakeFiles/cmTC_28851.dir/build.make:78: CMakeFiles/cmTC_28851.dir/CheckSymbolExists.c.o] Error 1
gmake[1]: Leaving directory '/home/wyatt/Documents/GitHub/SoloPractice/build/CMakeFiles/CMakeTmp'
gmake: *** [Makefile:127: cmTC_28851/fast] Error 2


File /home/wyatt/Documents/GitHub/SoloPractice/build/CMakeFiles/CMakeTmp/CheckSymbolExists.c:
/* */
#include <stddef.h>
#include <stdarg.h>
#include <stdlib.h>
#include <string.h>
#include <stdio.h>
#include <wchar.h>
#include <float.h>

int main(int argc, char** argv)
{
  (void)argv;
#ifndef _ultoa
  return ((int*)(&_ultoa))[argc];
#else
  (void)argc;
  return 0;
#endif
}
Determining if the _i64toa exist failed with the following output:
Change Dir: /home/wyatt/Documents/GitHub/SoloPractice/build/CMakeFiles/CMakeTmp

Run Build Command(s):/usr/bin/gmake -f Makefile cmTC_c53f5/fast && /usr/bin/gmake  -f CMakeFiles/cmTC_c53f5.dir/build.make CMakeFiles/cmTC_c53f5.dir/build
gmake[1]: Entering directory '/home/wyatt/Documents/GitHub/SoloPractice/build/CMakeFiles/CMakeTmp'
Building C object CMakeFiles/cmTC_c53f5.dir/CheckSymbolExists.c.o
/usr/bin/gcc   -idirafter "/home/wyatt/Documents/GitHub/SoloPractice/SDL2-2.30.0/src/video/khronos"  -D_GNU_SOURCE=1 -o CMakeFiles/cmTC_c53f5.dir/CheckSymbolExists.c.o -c /home/wyatt/Documents/GitHub/SoloPractice/build/CMakeFiles/CMakeTmp/CheckSymbolExists.c
/home/wyatt/Documents/GitHub/SoloPractice/build/CMakeFiles/CMakeTmp/CheckSymbolExists.c: In function ‘main’:
/home/wyatt/Documents/GitHub/SoloPractice/build/CMakeFiles/CMakeTmp/CheckSymbolExists.c:14:19: error: ‘_i64toa’ undeclared (first use in this function)
   14 |   return ((int*)(&_i64toa))[argc];
      |                   ^~~~~~~
/home/wyatt/Documents/GitHub/SoloPractice/build/CMakeFiles/CMakeTmp/CheckSymbolExists.c:14:19: note: each undeclared identifier is reported only once for each function it appears in
gmake[1]: *** [CMakeFiles/cmTC_c53f5.dir/build.make:78: CMakeFiles/cmTC_c53f5.dir/CheckSymbolExists.c.o] Error 1
gmake[1]: Leaving directory '/home/wyatt/Documents/GitHub/SoloPractice/build/CMakeFiles/CMakeTmp'
gmake: *** [Makefile:127: cmTC_c53f5/fast] Error 2


File /home/wyatt/Documents/GitHub/SoloPractice/build/CMakeFiles/CMakeTmp/CheckSymbolExists.c:
/* */
#include <stddef.h>
#include <stdarg.h>
#include <stdlib.h>
#include <string.h>
#include <stdio.h>
#include <wchar.h>
#include <float.h>

int main(int argc, char** argv)
{
  (void)argv;
#ifndef _i64toa
  return ((int*)(&_i64toa))[argc];
#else
  (void)argc;
  return 0;
#endif
}
Determining if the _ui64toa exist failed with the following output:
Change Dir: /home/wyatt/Documents/GitHub/SoloPractice/build/CMakeFiles/CMakeTmp

Run Build Command(s):/usr/bin/gmake -f Makefile cmTC_0ed12/fast && /usr/bin/gmake  -f CMakeFiles/cmTC_0ed12.dir/build.make CMakeFiles/cmTC_0ed12.dir/build
gmake[1]: Entering directory '/home/wyatt/Documents/GitHub/SoloPractice/build/CMakeFiles/CMakeTmp'
Building C object CMakeFiles/cmTC_0ed12.dir/CheckSymbolExists.c.o
/usr/bin/gcc   -idirafter "/home/wyatt/Documents/GitHub/SoloPractice/SDL2-2.30.0/src/video/khronos"  -D_GNU_SOURCE=1 -o CMakeFiles/cmTC_0ed12.dir/CheckSymbolExists.c.o -c /home/wyatt/Documents/GitHub/SoloPractice/build/CMakeFiles/CMakeTmp/CheckSymbolExists.c
/home/wyatt/Documents/GitHub/SoloPractice/build/CMakeFiles/CMakeTmp/CheckSymbolExists.c: In function ‘main’:
/home/wyatt/Documents/GitHub/SoloPractice/build/CMakeFiles/CMakeTmp/CheckSymbolExists.c:14:19: error: ‘_ui64toa’ undeclared (first use in this function)
   14 |   return ((int*)(&_ui64toa))[argc];
      |                   ^~~~~~~~
/home/wyatt/Documents/GitHub/SoloPractice/build/CMakeFiles/CMakeTmp/CheckSymbolExists.c:14:19: note: each undeclared identifier is reported only once for each function it appears in
gmake[1]: *** [CMakeFiles/cmTC_0ed12.dir/build.make:78: CMakeFiles/cmTC_0ed12.dir/CheckSymbolExists.c.o] Error 1
gmake[1]: Leaving directory '/home/wyatt/Documents/GitHub/SoloPractice/build/CMakeFiles/CMakeTmp'
gmake: *** [Makefile:127: cmTC_0ed12/fast] Error 2


File /home/wyatt/Documents/GitHub/SoloPractice/build/CMakeFiles/CMakeTmp/CheckSymbolExists.c:
/* */
#include <stddef.h>
#include <stdarg.h>
#include <stdlib.h>
#include <string.h>
#include <stdio.h>
#include <wchar.h>
#include <float.h>

int main(int argc, char** argv)
{
  (void)argv;
#ifndef _ui64toa
  return ((int*)(&_ui64toa))[argc];
#else
  (void)argc;
  return 0;
#endif
}
Determining if the _stricmp exist failed with the following output:
Change Dir: /home/wyatt/Documents/GitHub/SoloPractice/build/CMakeFiles/CMakeTmp

Run Build Command(s):/usr/bin/gmake -f Makefile cmTC_f7747/fast && /usr/bin/gmake  -f CMakeFiles/cmTC_f7747.dir/build.make CMakeFiles/cmTC_f7747.dir/build
gmake[1]: Entering directory '/home/wyatt/Documents/GitHub/SoloPractice/build/CMakeFiles/CMakeTmp'
Building C object CMakeFiles/cmTC_f7747.dir/CheckSymbolExists.c.o
/usr/bin/gcc   -idirafter "/home/wyatt/Documents/GitHub/SoloPractice/SDL2-2.30.0/src/video/khronos"  -D_GNU_SOURCE=1 -o CMakeFiles/cmTC_f7747.dir/CheckSymbolExists.c.o -c /home/wyatt/Documents/GitHub/SoloPractice/build/CMakeFiles/CMakeTmp/CheckSymbolExists.c
/home/wyatt/Documents/GitHub/SoloPractice/build/CMakeFiles/CMakeTmp/CheckSymbolExists.c: In function ‘main’:
/home/wyatt/Documents/GitHub/SoloPractice/build/CMakeFiles/CMakeTmp/CheckSymbolExists.c:14:19: error: ‘_stricmp’ undeclared (first use in this function); did you mean ‘strncmp’?
   14 |   return ((int*)(&_stricmp))[argc];
      |                   ^~~~~~~~
      |                   strncmp
/home/wyatt/Documents/GitHub/SoloPractice/build/CMakeFiles/CMakeTmp/CheckSymbolExists.c:14:19: note: each undeclared identifier is reported only once for each function it appears in
gmake[1]: *** [CMakeFiles/cmTC_f7747.dir/build.make:78: CMakeFiles/cmTC_f7747.dir/CheckSymbolExists.c.o] Error 1
gmake[1]: Leaving directory '/home/wyatt/Documents/GitHub/SoloPractice/build/CMakeFiles/CMakeTmp'
gmake: *** [Makefile:127: cmTC_f7747/fast] Error 2


File /home/wyatt/Documents/GitHub/SoloPractice/build/CMakeFiles/CMakeTmp/CheckSymbolExists.c:
/* */
#include <stddef.h>
#include <stdarg.h>
#include <stdlib.h>
#include <string.h>
#include <stdio.h>
#include <wchar.h>
#include <float.h>

int main(int argc, char** argv)
{
  (void)argv;
#ifndef _stricmp
  return ((int*)(&_stricmp))[argc];
#else
  (void)argc;
  return 0;
#endif
}
Determining if the _strnicmp exist failed with the following output:
Change Dir: /home/wyatt/Documents/GitHub/SoloPractice/build/CMakeFiles/CMakeTmp

Run Build Command(s):/usr/bin/gmake -f Makefile cmTC_33168/fast && /usr/bin/gmake  -f CMakeFiles/cmTC_33168.dir/build.make CMakeFiles/cmTC_33168.dir/build
gmake[1]: Entering directory '/home/wyatt/Documents/GitHub/SoloPractice/build/CMakeFiles/CMakeTmp'
Building C object CMakeFiles/cmTC_33168.dir/CheckSymbolExists.c.o
/usr/bin/gcc   -idirafter "/home/wyatt/Documents/GitHub/SoloPractice/SDL2-2.30.0/src/video/khronos"  -D_GNU_SOURCE=1 -o CMakeFiles/cmTC_33168.dir/CheckSymbolExists.c.o -c /home/wyatt/Documents/GitHub/SoloPractice/build/CMakeFiles/CMakeTmp/CheckSymbolExists.c
/home/wyatt/Documents/GitHub/SoloPractice/build/CMakeFiles/CMakeTmp/CheckSymbolExists.c: In function ‘main’:
/home/wyatt/Documents/GitHub/SoloPractice/build/CMakeFiles/CMakeTmp/CheckSymbolExists.c:14:19: error: ‘_strnicmp’ undeclared (first use in this function); did you mean ‘strncmp’?
   14 |   return ((int*)(&_strnicmp))[argc];
      |                   ^~~~~~~~~
      |                   strncmp
/home/wyatt/Documents/GitHub/SoloPractice/build/CMakeFiles/CMakeTmp/CheckSymbolExists.c:14:19: note: each undeclared identifier is reported only once for each function it appears in
gmake[1]: *** [CMakeFiles/cmTC_33168.dir/build.make:78: CMakeFiles/cmTC_33168.dir/CheckSymbolExists.c.o] Error 1
gmake[1]: Leaving directory '/home/wyatt/Documents/GitHub/SoloPractice/build/CMakeFiles/CMakeTmp'
gmake: *** [Makefile:127: cmTC_33168/fast] Error 2


File /home/wyatt/Documents/GitHub/SoloPractice/build/CMakeFiles/CMakeTmp/CheckSymbolExists.c:
/* */
#include <stddef.h>
#include <stdarg.h>
#include <stdlib.h>
#include <string.h>
#include <stdio.h>
#include <wchar.h>
#include <float.h>

int main(int argc, char** argv)
{
  (void)argv;
#ifndef _strnicmp
  return ((int*)(&_strnicmp))[argc];
#else
  (void)argc;
  return 0;
#endif
}
Determining if the _wcsdup exist failed with the following output:
Change Dir: /home/wyatt/Documents/GitHub/SoloPractice/build/CMakeFiles/CMakeTmp

Run Build Command(s):/usr/bin/gmake -f Makefile cmTC_a87c6/fast && /usr/bin/gmake  -f CMakeFiles/cmTC_a87c6.dir/build.make CMakeFiles/cmTC_a87c6.dir/build
gmake[1]: Entering directory '/home/wyatt/Documents/GitHub/SoloPractice/build/CMakeFiles/CMakeTmp'
Building C object CMakeFiles/cmTC_a87c6.dir/CheckSymbolExists.c.o
/usr/bin/gcc   -idirafter "/home/wyatt/Documents/GitHub/SoloPractice/SDL2-2.30.0/src/video/khronos"  -D_GNU_SOURCE=1 -o CMakeFiles/cmTC_a87c6.dir/CheckSymbolExists.c.o -c /home/wyatt/Documents/GitHub/SoloPractice/build/CMakeFiles/CMakeTmp/CheckSymbolExists.c
/home/wyatt/Documents/GitHub/SoloPractice/build/CMakeFiles/CMakeTmp/CheckSymbolExists.c: In function ‘main’:
/home/wyatt/Documents/GitHub/SoloPractice/build/CMakeFiles/CMakeTmp/CheckSymbolExists.c:14:19: error: ‘_wcsdup’ undeclared (first use in this function); did you mean ‘wcsdup’?
   14 |   return ((int*)(&_wcsdup))[argc];
      |                   ^~~~~~~
      |                   wcsdup
/home/wyatt/Documents/GitHub/SoloPractice/build/CMakeFiles/CMakeTmp/CheckSymbolExists.c:14:19: note: each undeclared identifier is reported only once for each function it appears in
gmake[1]: *** [CMakeFiles/cmTC_a87c6.dir/build.make:78: CMakeFiles/cmTC_a87c6.dir/CheckSymbolExists.c.o] Error 1
gmake[1]: Leaving directory '/home/wyatt/Documents/GitHub/SoloPractice/build/CMakeFiles/CMakeTmp'
gmake: *** [Makefile:127: cmTC_a87c6/fast] Error 2


File /home/wyatt/Documents/GitHub/SoloPractice/build/CMakeFiles/CMakeTmp/CheckSymbolExists.c:
/* */
#include <stddef.h>
#include <stdarg.h>
#include <stdlib.h>
#include <string.h>
#include <stdio.h>
#include <wchar.h>
#include <float.h>

int main(int argc, char** argv)
{
  (void)argv;
#ifndef _wcsdup
  return ((int*)(&_wcsdup))[argc];
#else
  (void)argc;
  return 0;
#endif
}
Determining if the wcslcat exist failed with the following output:
Change Dir: /home/wyatt/Documents/GitHub/SoloPractice/build/CMakeFiles/CMakeTmp

Run Build Command(s):/usr/bin/gmake -f Makefile cmTC_e38c2/fast && /usr/bin/gmake  -f CMakeFiles/cmTC_e38c2.dir/build.make CMakeFiles/cmTC_e38c2.dir/build
gmake[1]: Entering directory '/home/wyatt/Documents/GitHub/SoloPractice/build/CMakeFiles/CMakeTmp'
Building C object CMakeFiles/cmTC_e38c2.dir/CheckSymbolExists.c.o
/usr/bin/gcc   -idirafter "/home/wyatt/Documents/GitHub/SoloPractice/SDL2-2.30.0/src/video/khronos"  -D_GNU_SOURCE=1 -o CMakeFiles/cmTC_e38c2.dir/CheckSymbolExists.c.o -c /home/wyatt/Documents/GitHub/SoloPractice/build/CMakeFiles/CMakeTmp/CheckSymbolExists.c
/home/wyatt/Documents/GitHub/SoloPractice/build/CMakeFiles/CMakeTmp/CheckSymbolExists.c: In function ‘main’:
/home/wyatt/Documents/GitHub/SoloPractice/build/CMakeFiles/CMakeTmp/CheckSymbolExists.c:14:19: error: ‘wcslcat’ undeclared (first use in this function); did you mean ‘wcsncat’?
   14 |   return ((int*)(&wcslcat))[argc];
      |                   ^~~~~~~
      |                   wcsncat
/home/wyatt/Documents/GitHub/SoloPractice/build/CMakeFiles/CMakeTmp/CheckSymbolExists.c:14:19: note: each undeclared identifier is reported only once for each function it appears in
gmake[1]: *** [CMakeFiles/cmTC_e38c2.dir/build.make:78: CMakeFiles/cmTC_e38c2.dir/CheckSymbolExists.c.o] Error 1
gmake[1]: Leaving directory '/home/wyatt/Documents/GitHub/SoloPractice/build/CMakeFiles/CMakeTmp'
gmake: *** [Makefile:127: cmTC_e38c2/fast] Error 2


File /home/wyatt/Documents/GitHub/SoloPractice/build/CMakeFiles/CMakeTmp/CheckSymbolExists.c:
/* */
#include <stddef.h>
#include <stdarg.h>
#include <stdlib.h>
#include <string.h>
#include <stdio.h>
#include <wchar.h>
#include <float.h>

int main(int argc, char** argv)
{
  (void)argv;
#ifndef wcslcat
  return ((int*)(&wcslcat))[argc];
#else
  (void)argc;
  return 0;
#endif
}
Determining if the wcslcpy exist failed with the following output:
Change Dir: /home/wyatt/Documents/GitHub/SoloPractice/build/CMakeFiles/CMakeTmp

Run Build Command(s):/usr/bin/gmake -f Makefile cmTC_18e80/fast && /usr/bin/gmake  -f CMakeFiles/cmTC_18e80.dir/build.make CMakeFiles/cmTC_18e80.dir/build
gmake[1]: Entering directory '/home/wyatt/Documents/GitHub/SoloPractice/build/CMakeFiles/CMakeTmp'
Building C object CMakeFiles/cmTC_18e80.dir/CheckSymbolExists.c.o
/usr/bin/gcc   -idirafter "/home/wyatt/Documents/GitHub/SoloPractice/SDL2-2.30.0/src/video/khronos"  -D_GNU_SOURCE=1 -o CMakeFiles/cmTC_18e80.dir/CheckSymbolExists.c.o -c /home/wyatt/Documents/GitHub/SoloPractice/build/CMakeFiles/CMakeTmp/CheckSymbolExists.c
/home/wyatt/Documents/GitHub/SoloPractice/build/CMakeFiles/CMakeTmp/CheckSymbolExists.c: In function ‘main’:
/home/wyatt/Documents/GitHub/SoloPractice/build/CMakeFiles/CMakeTmp/CheckSymbolExists.c:14:19: error: ‘wcslcpy’ undeclared (first use in this function); did you mean ‘wcsncpy’?
   14 |   return ((int*)(&wcslcpy))[argc];
      |                   ^~~~~~~
      |                   wcsncpy
/home/wyatt/Documents/GitHub/SoloPractice/build/CMakeFiles/CMakeTmp/CheckSymbolExists.c:14:19: note: each undeclared identifier is reported only once for each function it appears in
gmake[1]: *** [CMakeFiles/cmTC_18e80.dir/build.make:78: CMakeFiles/cmTC_18e80.dir/CheckSymbolExists.c.o] Error 1
gmake[1]: Leaving directory '/home/wyatt/Documents/GitHub/SoloPractice/build/CMakeFiles/CMakeTmp'
gmake: *** [Makefile:127: cmTC_18e80/fast] Error 2


File /home/wyatt/Documents/GitHub/SoloPractice/build/CMakeFiles/CMakeTmp/CheckSymbolExists.c:
/* */
#include <stddef.h>
#include <stdarg.h>
#include <stdlib.h>
#include <string.h>
#include <stdio.h>
#include <wchar.h>
#include <float.h>

int main(int argc, char** argv)
{
  (void)argv;
#ifndef wcslcpy
  return ((int*)(&wcslcpy))[argc];
#else
  (void)argc;
  return 0;
#endif
}
Determining if the _wcsicmp exist failed with the following output:
Change Dir: /home/wyatt/Documents/GitHub/SoloPractice/build/CMakeFiles/CMakeTmp

Run Build Command(s):/usr/bin/gmake -f Makefile cmTC_a3719/fast && /usr/bin/gmake  -f CMakeFiles/cmTC_a3719.dir/build.make CMakeFiles/cmTC_a3719.dir/build
gmake[1]: Entering directory '/home/wyatt/Documents/GitHub/SoloPractice/build/CMakeFiles/CMakeTmp'
Building C object CMakeFiles/cmTC_a3719.dir/CheckSymbolExists.c.o
/usr/bin/gcc   -idirafter "/home/wyatt/Documents/GitHub/SoloPractice/SDL2-2.30.0/src/video/khronos"  -D_GNU_SOURCE=1 -o CMakeFiles/cmTC_a3719.dir/CheckSymbolExists.c.o -c /home/wyatt/Documents/GitHub/SoloPractice/build/CMakeFiles/CMakeTmp/CheckSymbolExists.c
/home/wyatt/Documents/GitHub/SoloPractice/build/CMakeFiles/CMakeTmp/CheckSymbolExists.c: In function ‘main’:
/home/wyatt/Documents/GitHub/SoloPractice/build/CMakeFiles/CMakeTmp/CheckSymbolExists.c:14:19: error: ‘_wcsicmp’ undeclared (first use in this function); did you mean ‘wcsncmp’?
   14 |   return ((int*)(&_wcsicmp))[argc];
      |                   ^~~~~~~~
      |                   wcsncmp
/home/wyatt/Documents/GitHub/SoloPractice/build/CMakeFiles/CMakeTmp/CheckSymbolExists.c:14:19: note: each undeclared identifier is reported only once for each function it appears in
gmake[1]: *** [CMakeFiles/cmTC_a3719.dir/build.make:78: CMakeFiles/cmTC_a3719.dir/CheckSymbolExists.c.o] Error 1
gmake[1]: Leaving directory '/home/wyatt/Documents/GitHub/SoloPractice/build/CMakeFiles/CMakeTmp'
gmake: *** [Makefile:127: cmTC_a3719/fast] Error 2


File /home/wyatt/Documents/GitHub/SoloPractice/build/CMakeFiles/CMakeTmp/CheckSymbolExists.c:
/* */
#include <stddef.h>
#include <stdarg.h>
#include <stdlib.h>
#include <string.h>
#include <stdio.h>
#include <wchar.h>
#include <float.h>

int main(int argc, char** argv)
{
  (void)argv;
#ifndef _wcsicmp
  return ((int*)(&_wcsicmp))[argc];
#else
  (void)argc;
  return 0;
#endif
}
Determining if the _wcsnicmp exist failed with the following output:
Change Dir: /home/wyatt/Documents/GitHub/SoloPractice/build/CMakeFiles/CMakeTmp

Run Build Command(s):/usr/bin/gmake -f Makefile cmTC_cd9fe/fast && /usr/bin/gmake  -f CMakeFiles/cmTC_cd9fe.dir/build.make CMakeFiles/cmTC_cd9fe.dir/build
gmake[1]: Entering directory '/home/wyatt/Documents/GitHub/SoloPractice/build/CMakeFiles/CMakeTmp'
Building C object CMakeFiles/cmTC_cd9fe.dir/CheckSymbolExists.c.o
/usr/bin/gcc   -idirafter "/home/wyatt/Documents/GitHub/SoloPractice/SDL2-2.30.0/src/video/khronos"  -D_GNU_SOURCE=1 -o CMakeFiles/cmTC_cd9fe.dir/CheckSymbolExists.c.o -c /home/wyatt/Documents/GitHub/SoloPractice/build/CMakeFiles/CMakeTmp/CheckSymbolExists.c
/home/wyatt/Documents/GitHub/SoloPractice/build/CMakeFiles/CMakeTmp/CheckSymbolExists.c: In function ‘main’:
/home/wyatt/Documents/GitHub/SoloPractice/build/CMakeFiles/CMakeTmp/CheckSymbolExists.c:14:19: error: ‘_wcsnicmp’ undeclared (first use in this function); did you mean ‘wcsncmp’?
   14 |   return ((int*)(&_wcsnicmp))[argc];
      |                   ^~~~~~~~~
      |                   wcsncmp
/home/wyatt/Documents/GitHub/SoloPractice/build/CMakeFiles/CMakeTmp/CheckSymbolExists.c:14:19: note: each undeclared identifier is reported only once for each function it appears in
gmake[1]: *** [CMakeFiles/cmTC_cd9fe.dir/build.make:78: CMakeFiles/cmTC_cd9fe.dir/CheckSymbolExists.c.o] Error 1
gmake[1]: Leaving directory '/home/wyatt/Documents/GitHub/SoloPractice/build/CMakeFiles/CMakeTmp'
gmake: *** [Makefile:127: cmTC_cd9fe/fast] Error 2


File /home/wyatt/Documents/GitHub/SoloPractice/build/CMakeFiles/CMakeTmp/CheckSymbolExists.c:
/* */
#include <stddef.h>
#include <stdarg.h>
#include <stdlib.h>
#include <string.h>
#include <stdio.h>
#include <wchar.h>
#include <float.h>

int main(int argc, char** argv)
{
  (void)argv;
#ifndef _wcsnicmp
  return ((int*)(&_wcsnicmp))[argc];
#else
  (void)argc;
  return 0;
#endif
}
Determining if the sysctlbyname exist failed with the following output:
Change Dir: /home/wyatt/Documents/GitHub/SoloPractice/build/CMakeFiles/CMakeTmp

Run Build Command(s):/usr/bin/gmake -f Makefile cmTC_ffc2f/fast && /usr/bin/gmake  -f CMakeFiles/cmTC_ffc2f.dir/build.make CMakeFiles/cmTC_ffc2f.dir/build
gmake[1]: Entering directory '/home/wyatt/Documents/GitHub/SoloPractice/build/CMakeFiles/CMakeTmp'
Building C object CMakeFiles/cmTC_ffc2f.dir/CheckSymbolExists.c.o
/usr/bin/gcc   -idirafter "/home/wyatt/Documents/GitHub/SoloPractice/SDL2-2.30.0/src/video/khronos"  -D_GNU_SOURCE=1 -o CMakeFiles/cmTC_ffc2f.dir/CheckSymbolExists.c.o -c /home/wyatt/Documents/GitHub/SoloPractice/build/CMakeFiles/CMakeTmp/CheckSymbolExists.c
/home/wyatt/Documents/GitHub/SoloPractice/build/CMakeFiles/CMakeTmp/CheckSymbolExists.c:3:10: fatal error: sys/sysctl.h: No such file or directory
    3 | #include <sys/sysctl.h>
      |          ^~~~~~~~~~~~~~
compilation terminated.
gmake[1]: *** [CMakeFiles/cmTC_ffc2f.dir/build.make:78: CMakeFiles/cmTC_ffc2f.dir/CheckSymbolExists.c.o] Error 1
gmake[1]: Leaving directory '/home/wyatt/Documents/GitHub/SoloPractice/build/CMakeFiles/CMakeTmp'
gmake: *** [Makefile:127: cmTC_ffc2f/fast] Error 2


File /home/wyatt/Documents/GitHub/SoloPractice/build/CMakeFiles/CMakeTmp/CheckSymbolExists.c:
/* */
#include <sys/types.h>
#include <sys/sysctl.h>

int main(int argc, char** argv)
{
  (void)argv;
#ifndef sysctlbyname
  return ((int*)(&sysctlbyname))[argc];
#else
  (void)argc;
  return 0;
#endif
}
Determining if the elf_aux_info exist failed with the following output:
Change Dir: /home/wyatt/Documents/GitHub/SoloPractice/build/CMakeFiles/CMakeTmp

Run Build Command(s):/usr/bin/gmake -f Makefile cmTC_fe26d/fast && /usr/bin/gmake  -f CMakeFiles/cmTC_fe26d.dir/build.make CMakeFiles/cmTC_fe26d.dir/build
gmake[1]: Entering directory '/home/wyatt/Documents/GitHub/SoloPractice/build/CMakeFiles/CMakeTmp'
Building C object CMakeFiles/cmTC_fe26d.dir/CheckSymbolExists.c.o
/usr/bin/gcc   -idirafter "/home/wyatt/Documents/GitHub/SoloPractice/SDL2-2.30.0/src/video/khronos"  -D_GNU_SOURCE=1 -o CMakeFiles/cmTC_fe26d.dir/CheckSymbolExists.c.o -c /home/wyatt/Documents/GitHub/SoloPractice/build/CMakeFiles/CMakeTmp/CheckSymbolExists.c
/home/wyatt/Documents/GitHub/SoloPractice/build/CMakeFiles/CMakeTmp/CheckSymbolExists.c: In function ‘main’:
/home/wyatt/Documents/GitHub/SoloPractice/build/CMakeFiles/CMakeTmp/CheckSymbolExists.c:8:19: error: ‘elf_aux_info’ undeclared (first use in this function)
    8 |   return ((int*)(&elf_aux_info))[argc];
      |                   ^~~~~~~~~~~~
/home/wyatt/Documents/GitHub/SoloPractice/build/CMakeFiles/CMakeTmp/CheckSymbolExists.c:8:19: note: each undeclared identifier is reported only once for each function it appears in
gmake[1]: *** [CMakeFiles/cmTC_fe26d.dir/build.make:78: CMakeFiles/cmTC_fe26d.dir/CheckSymbolExists.c.o] Error 1
gmake[1]: Leaving directory '/home/wyatt/Documents/GitHub/SoloPractice/build/CMakeFiles/CMakeTmp'
gmake: *** [Makefile:127: cmTC_fe26d/fast] Error 2


File /home/wyatt/Documents/GitHub/SoloPractice/build/CMakeFiles/CMakeTmp/CheckSymbolExists.c:
/* */
#include <sys/auxv.h>

int main(int argc, char** argv)
{
  (void)argv;
#ifndef elf_aux_info
  return ((int*)(&elf_aux_info))[argc];
#else
  (void)argc;
  return 0;
#endif
}
Performing C SOURCE FILE Test ICONV_IN_LIBICONV failed with the following output:
Change Dir: /home/wyatt/Documents/GitHub/SoloPractice/build/CMakeFiles/CMakeTmp

Run Build Command(s):/usr/bin/gmake -f Makefile cmTC_272bd/fast && /usr/bin/gmake  -f CMakeFiles/cmTC_272bd.dir/build.make CMakeFiles/cmTC_272bd.dir/build
gmake[1]: Entering directory '/home/wyatt/Documents/GitHub/SoloPractice/build/CMakeFiles/CMakeTmp'
Building C object CMakeFiles/cmTC_272bd.dir/src.c.o
/usr/bin/gcc -DICONV_IN_LIBICONV  -idirafter "/home/wyatt/Documents/GitHub/SoloPractice/SDL2-2.30.0/src/video/khronos"  -D_GNU_SOURCE=1 -o CMakeFiles/cmTC_272bd.dir/src.c.o -c /home/wyatt/Documents/GitHub/SoloPractice/build/CMakeFiles/CMakeTmp/src.c
Linking C executable cmTC_272bd
/usr/bin/cmake -E cmake_link_script CMakeFiles/cmTC_272bd.dir/link.txt --verbose=1
/usr/bin/gcc  -idirafter "/home/wyatt/Documents/GitHub/SoloPractice/SDL2-2.30.0/src/video/khronos"  -D_GNU_SOURCE=1 CMakeFiles/cmTC_272bd.dir/src.c.o -o cmTC_272bd  -liconv 
/usr/bin/ld: cannot find -liconv: No such file or directory
collect2: error: ld returned 1 exit status
gmake[1]: *** [CMakeFiles/cmTC_272bd.dir/build.make:99: cmTC_272bd] Error 1
gmake[1]: Leaving directory '/home/wyatt/Documents/GitHub/SoloPractice/build/CMakeFiles/CMakeTmp'
gmake: *** [Makefile:127: cmTC_272bd/fast] Error 2


Source file was:

        #include <stddef.h>
        #include <iconv.h>
        int main(int argc, char **argv) {
            return !iconv_open(NULL,NULL);
        }
Determining if the alloca exist failed with the following output:
Change Dir: /home/wyatt/Documents/GitHub/SoloPractice/build/CMakeFiles/CMakeTmp

Run Build Command(s):/usr/bin/gmake -f Makefile cmTC_fabed/fast && /usr/bin/gmake  -f CMakeFiles/cmTC_fabed.dir/build.make CMakeFiles/cmTC_fabed.dir/build
gmake[1]: Entering directory '/home/wyatt/Documents/GitHub/SoloPractice/build/CMakeFiles/CMakeTmp'
Building C object CMakeFiles/cmTC_fabed.dir/CheckSymbolExists.c.o
/usr/bin/gcc   -idirafter "/home/wyatt/Documents/GitHub/SoloPractice/SDL2-2.30.0/src/video/khronos"  -D_GNU_SOURCE=1 -o CMakeFiles/cmTC_fabed.dir/CheckSymbolExists.c.o -c /home/wyatt/Documents/GitHub/SoloPractice/build/CMakeFiles/CMakeTmp/CheckSymbolExists.c
/home/wyatt/Documents/GitHub/SoloPractice/build/CMakeFiles/CMakeTmp/CheckSymbolExists.c: In function ‘main’:
/home/wyatt/Documents/GitHub/SoloPractice/build/CMakeFiles/CMakeTmp/CheckSymbolExists.c:8:19: error: ‘alloca’ undeclared (first use in this function); did you mean ‘valloc’?
    8 |   return ((int*)(&alloca))[argc];
      |                   ^~~~~~
      |                   valloc
/home/wyatt/Documents/GitHub/SoloPractice/build/CMakeFiles/CMakeTmp/CheckSymbolExists.c:8:19: note: each undeclared identifier is reported only once for each function it appears in
gmake[1]: *** [CMakeFiles/cmTC_fabed.dir/build.make:78: CMakeFiles/cmTC_fabed.dir/CheckSymbolExists.c.o] Error 1
gmake[1]: Leaving directory '/home/wyatt/Documents/GitHub/SoloPractice/build/CMakeFiles/CMakeTmp'
gmake: *** [Makefile:127: cmTC_fabed/fast] Error 2


File /home/wyatt/Documents/GitHub/SoloPractice/build/CMakeFiles/CMakeTmp/CheckSymbolExists.c:
/* */
#include <malloc.h>

int main(int argc, char** argv)
{
  (void)argv;
#ifndef alloca
  return ((int*)(&alloca))[argc];
#else
  (void)argc;
  return 0;
#endif
}
Determining if the include file audio/audiolib.h exists failed with the following output:
Change Dir: /home/wyatt/Documents/GitHub/SoloPractice/build/CMakeFiles/CMakeTmp

Run Build Command(s):/usr/bin/gmake -f Makefile cmTC_2ba64/fast && /usr/bin/gmake  -f CMakeFiles/cmTC_2ba64.dir/build.make CMakeFiles/cmTC_2ba64.dir/build
gmake[1]: Entering directory '/home/wyatt/Documents/GitHub/SoloPractice/build/CMakeFiles/CMakeTmp'
Building C object CMakeFiles/cmTC_2ba64.dir/CheckIncludeFile.c.o
/usr/bin/gcc   -idirafter "/home/wyatt/Documents/GitHub/SoloPractice/SDL2-2.30.0/src/video/khronos"  -D_GNU_SOURCE=1 -o CMakeFiles/cmTC_2ba64.dir/CheckIncludeFile.c.o -c /home/wyatt/Documents/GitHub/SoloPractice/build/CMakeFiles/CMakeTmp/CheckIncludeFile.c
/home/wyatt/Documents/GitHub/SoloPractice/build/CMakeFiles/CMakeTmp/CheckIncludeFile.c:1:10: fatal error: audio/audiolib.h: No such file or directory
    1 | #include <audio/audiolib.h>
      |          ^~~~~~~~~~~~~~~~~~
compilation terminated.
gmake[1]: *** [CMakeFiles/cmTC_2ba64.dir/build.make:78: CMakeFiles/cmTC_2ba64.dir/CheckIncludeFile.c.o] Error 1
gmake[1]: Leaving directory '/home/wyatt/Documents/GitHub/SoloPractice/build/CMakeFiles/CMakeTmp'
gmake: *** [Makefile:127: cmTC_2ba64/fast] Error 2



Performing C SOURCE FILE Test HAVE_RPI failed with the following output:
Change Dir: /home/wyatt/Documents/GitHub/SoloPractice/build/CMakeFiles/CMakeTmp

Run Build Command(s):/usr/bin/gmake -f Makefile cmTC_1f4a1/fast && /usr/bin/gmake  -f CMakeFiles/cmTC_1f4a1.dir/build.make CMakeFiles/cmTC_1f4a1.dir/build
gmake[1]: Entering directory '/home/wyatt/Documents/GitHub/SoloPractice/build/CMakeFiles/CMakeTmp'
Building C object CMakeFiles/cmTC_1f4a1.dir/src.c.o
/usr/bin/gcc -DHAVE_RPI  -idirafter "/home/wyatt/Documents/GitHub/SoloPractice/SDL2-2.30.0/src/video/khronos"  -D_GNU_SOURCE=1  -I/opt/vc/include -I/opt/vc/include/interface/vcos/pthreads -I/opt/vc/include/interface/vmcs_host/linux/  -L/opt/vc/lib -o CMakeFiles/cmTC_1f4a1.dir/src.c.o -c /home/wyatt/Documents/GitHub/SoloPractice/build/CMakeFiles/CMakeTmp/src.c
/home/wyatt/Documents/GitHub/SoloPractice/build/CMakeFiles/CMakeTmp/src.c:2:18: fatal error: bcm_host.h: No such file or directory
    2 |         #include <bcm_host.h>
      |                  ^~~~~~~~~~~~
compilation terminated.
gmake[1]: *** [CMakeFiles/cmTC_1f4a1.dir/build.make:78: CMakeFiles/cmTC_1f4a1.dir/src.c.o] Error 1
gmake[1]: Leaving directory '/home/wyatt/Documents/GitHub/SoloPractice/build/CMakeFiles/CMakeTmp'
gmake: *** [Makefile:127: cmTC_1f4a1/fast] Error 2


Source file was:

        #include <bcm_host.h>
        #include <EGL/eglplatform.h>
        int main(int argc, char **argv) {
          EGL_DISPMANX_WINDOW_T window;
          bcm_host_init();
        }
Determining if the libdecor_frame_get_max_content_size exist failed with the following output:
Change Dir: /home/wyatt/Documents/GitHub/SoloPractice/build/CMakeFiles/CMakeTmp

Run Build Command(s):/usr/bin/gmake -f Makefile cmTC_4feef/fast && /usr/bin/gmake  -f CMakeFiles/cmTC_4feef.dir/build.make CMakeFiles/cmTC_4feef.dir/build
gmake[1]: Entering directory '/home/wyatt/Documents/GitHub/SoloPractice/build/CMakeFiles/CMakeTmp'
Building C object CMakeFiles/cmTC_4feef.dir/CheckSymbolExists.c.o
/usr/bin/gcc  -I/usr/include/libdecor-0 -idirafter "/home/wyatt/Documents/GitHub/SoloPractice/SDL2-2.30.0/src/video/khronos"  -D_GNU_SOURCE=1 -o CMakeFiles/cmTC_4feef.dir/CheckSymbolExists.c.o -c /home/wyatt/Documents/GitHub/SoloPractice/build/CMakeFiles/CMakeTmp/CheckSymbolExists.c
/home/wyatt/Documents/GitHub/SoloPractice/build/CMakeFiles/CMakeTmp/CheckSymbolExists.c: In function ‘main’:
/home/wyatt/Documents/GitHub/SoloPractice/build/CMakeFiles/CMakeTmp/CheckSymbolExists.c:8:19: error: ‘libdecor_frame_get_max_content_size’ undeclared (first use in this function); did you mean ‘libdecor_frame_set_max_content_size’?
    8 |   return ((int*)(&libdecor_frame_get_max_content_size))[argc];
      |                   ^~~~~~~~~~~~~~~~~~~~~~~~~~~~~~~~~~~
      |                   libdecor_frame_set_max_content_size
/home/wyatt/Documents/GitHub/SoloPractice/build/CMakeFiles/CMakeTmp/CheckSymbolExists.c:8:19: note: each undeclared identifier is reported only once for each function it appears in
gmake[1]: *** [CMakeFiles/cmTC_4feef.dir/build.make:78: CMakeFiles/cmTC_4feef.dir/CheckSymbolExists.c.o] Error 1
gmake[1]: Leaving directory '/home/wyatt/Documents/GitHub/SoloPractice/build/CMakeFiles/CMakeTmp'
gmake: *** [Makefile:127: cmTC_4feef/fast] Error 2


File /home/wyatt/Documents/GitHub/SoloPractice/build/CMakeFiles/CMakeTmp/CheckSymbolExists.c:
/* */
#include <libdecor.h>

int main(int argc, char** argv)
{
  (void)argv;
#ifndef libdecor_frame_get_max_content_size
  return ((int*)(&libdecor_frame_get_max_content_size))[argc];
#else
  (void)argc;
  return 0;
#endif
}
Determining if the libdecor_frame_get_min_content_size exist failed with the following output:
Change Dir: /home/wyatt/Documents/GitHub/SoloPractice/build/CMakeFiles/CMakeTmp

Run Build Command(s):/usr/bin/gmake -f Makefile cmTC_e6581/fast && /usr/bin/gmake  -f CMakeFiles/cmTC_e6581.dir/build.make CMakeFiles/cmTC_e6581.dir/build
gmake[1]: Entering directory '/home/wyatt/Documents/GitHub/SoloPractice/build/CMakeFiles/CMakeTmp'
Building C object CMakeFiles/cmTC_e6581.dir/CheckSymbolExists.c.o
/usr/bin/gcc  -I/usr/include/libdecor-0 -idirafter "/home/wyatt/Documents/GitHub/SoloPractice/SDL2-2.30.0/src/video/khronos"  -D_GNU_SOURCE=1 -o CMakeFiles/cmTC_e6581.dir/CheckSymbolExists.c.o -c /home/wyatt/Documents/GitHub/SoloPractice/build/CMakeFiles/CMakeTmp/CheckSymbolExists.c
/home/wyatt/Documents/GitHub/SoloPractice/build/CMakeFiles/CMakeTmp/CheckSymbolExists.c: In function ‘main’:
/home/wyatt/Documents/GitHub/SoloPractice/build/CMakeFiles/CMakeTmp/CheckSymbolExists.c:8:19: error: ‘libdecor_frame_get_min_content_size’ undeclared (first use in this function); did you mean ‘libdecor_frame_set_min_content_size’?
    8 |   return ((int*)(&libdecor_frame_get_min_content_size))[argc];
      |                   ^~~~~~~~~~~~~~~~~~~~~~~~~~~~~~~~~~~
      |                   libdecor_frame_set_min_content_size
/home/wyatt/Documents/GitHub/SoloPractice/build/CMakeFiles/CMakeTmp/CheckSymbolExists.c:8:19: note: each undeclared identifier is reported only once for each function it appears in
gmake[1]: *** [CMakeFiles/cmTC_e6581.dir/build.make:78: CMakeFiles/cmTC_e6581.dir/CheckSymbolExists.c.o] Error 1
gmake[1]: Leaving directory '/home/wyatt/Documents/GitHub/SoloPractice/build/CMakeFiles/CMakeTmp'
gmake: *** [Makefile:127: cmTC_e6581/fast] Error 2


File /home/wyatt/Documents/GitHub/SoloPractice/build/CMakeFiles/CMakeTmp/CheckSymbolExists.c:
/* */
#include <libdecor.h>

int main(int argc, char** argv)
{
  (void)argv;
#ifndef libdecor_frame_get_min_content_size
  return ((int*)(&libdecor_frame_get_min_content_size))[argc];
#else
  (void)argc;
  return 0;
#endif
}
Performing C SOURCE FILE Test HAVE_VIVANTE_VDK failed with the following output:
Change Dir: /home/wyatt/Documents/GitHub/SoloPractice/build/CMakeFiles/CMakeTmp

Run Build Command(s):/usr/bin/gmake -f Makefile cmTC_ed329/fast && /usr/bin/gmake  -f CMakeFiles/cmTC_ed329.dir/build.make CMakeFiles/cmTC_ed329.dir/build
gmake[1]: Entering directory '/home/wyatt/Documents/GitHub/SoloPractice/build/CMakeFiles/CMakeTmp'
Building C object CMakeFiles/cmTC_ed329.dir/src.c.o
/usr/bin/gcc -DHAVE_VIVANTE_VDK  -idirafter "/home/wyatt/Documents/GitHub/SoloPractice/SDL2-2.30.0/src/video/khronos"  -D_GNU_SOURCE=1 -o CMakeFiles/cmTC_ed329.dir/src.c.o -c /home/wyatt/Documents/GitHub/SoloPractice/build/CMakeFiles/CMakeTmp/src.c
/home/wyatt/Documents/GitHub/SoloPractice/build/CMakeFiles/CMakeTmp/src.c:2:18: fatal error: gc_vdk.h: No such file or directory
    2 |         #include <gc_vdk.h>
      |                  ^~~~~~~~~~
compilation terminated.
gmake[1]: *** [CMakeFiles/cmTC_ed329.dir/build.make:78: CMakeFiles/cmTC_ed329.dir/src.c.o] Error 1
gmake[1]: Leaving directory '/home/wyatt/Documents/GitHub/SoloPractice/build/CMakeFiles/CMakeTmp'
gmake: *** [Makefile:127: cmTC_ed329/fast] Error 2


Source file was:

        #include <gc_vdk.h>
        int main(int argc, char** argv) { return 0; }
Performing C SOURCE FILE Test HAVE_VIVANTE_EGL_FB failed with the following output:
Change Dir: /home/wyatt/Documents/GitHub/SoloPractice/build/CMakeFiles/CMakeTmp

Run Build Command(s):/usr/bin/gmake -f Makefile cmTC_f6f9e/fast && /usr/bin/gmake  -f CMakeFiles/cmTC_f6f9e.dir/build.make CMakeFiles/cmTC_f6f9e.dir/build
gmake[1]: Entering directory '/home/wyatt/Documents/GitHub/SoloPractice/build/CMakeFiles/CMakeTmp'
Building C object CMakeFiles/cmTC_f6f9e.dir/src.c.o
/usr/bin/gcc -DHAVE_VIVANTE_EGL_FB  -idirafter "/home/wyatt/Documents/GitHub/SoloPractice/SDL2-2.30.0/src/video/khronos"  -D_GNU_SOURCE=1 -o CMakeFiles/cmTC_f6f9e.dir/src.c.o -c /home/wyatt/Documents/GitHub/SoloPractice/build/CMakeFiles/CMakeTmp/src.c
/home/wyatt/Documents/GitHub/SoloPractice/build/CMakeFiles/CMakeTmp/src.c:4:18: fatal error: EGL/eglvivante.h: No such file or directory
    4 |         #include <EGL/eglvivante.h>
      |                  ^~~~~~~~~~~~~~~~~~
compilation terminated.
gmake[1]: *** [CMakeFiles/cmTC_f6f9e.dir/build.make:78: CMakeFiles/cmTC_f6f9e.dir/src.c.o] Error 1
gmake[1]: Leaving directory '/home/wyatt/Documents/GitHub/SoloPractice/build/CMakeFiles/CMakeTmp'
gmake: *** [Makefile:127: cmTC_f6f9e/fast] Error 2


Source file was:

        #define LINUX
        #define EGL_API_FB
        #include <EGL/eglvivante.h>
        int main(int argc, char** argv) { return 0; }
Performing C SOURCE FILE Test LIBC_HAS_WORKING_LIBUNWIND failed with the following output:
Change Dir: /home/wyatt/Documents/GitHub/SoloPractice/build/CMakeFiles/CMakeTmp

Run Build Command(s):/usr/bin/gmake -f Makefile cmTC_8ca26/fast && /usr/bin/gmake  -f CMakeFiles/cmTC_8ca26.dir/build.make CMakeFiles/cmTC_8ca26.dir/build
gmake[1]: Entering directory '/home/wyatt/Documents/GitHub/SoloPractice/build/CMakeFiles/CMakeTmp'
Building C object CMakeFiles/cmTC_8ca26.dir/src.c.o
/usr/bin/gcc -DLIBC_HAS_WORKING_LIBUNWIND  -idirafter "/home/wyatt/Documents/GitHub/SoloPractice/SDL2-2.30.0/src/video/khronos"  -D_GNU_SOURCE=1 -o CMakeFiles/cmTC_8ca26.dir/src.c.o -c /home/wyatt/Documents/GitHub/SoloPractice/build/CMakeFiles/CMakeTmp/src.c
/home/wyatt/Documents/GitHub/SoloPractice/build/CMakeFiles/CMakeTmp/src.c:1:10: fatal error: libunwind.h: No such file or directory
    1 | #include <libunwind.h>
      |          ^~~~~~~~~~~~~
compilation terminated.
gmake[1]: *** [CMakeFiles/cmTC_8ca26.dir/build.make:78: CMakeFiles/cmTC_8ca26.dir/src.c.o] Error 1
gmake[1]: Leaving directory '/home/wyatt/Documents/GitHub/SoloPractice/build/CMakeFiles/CMakeTmp'
gmake: *** [Makefile:127: cmTC_8ca26/fast] Error 2


Source file was:
#include <libunwind.h>
int main() {unw_context_t context; unw_getcontext(&context); return 0;}
Performing C SOURCE FILE Test LIBUNWIND_HAS_WORKINGLIBUNWIND failed with the following output:
Change Dir: /home/wyatt/Documents/GitHub/SoloPractice/build/CMakeFiles/CMakeTmp

Run Build Command(s):/usr/bin/gmake -f Makefile cmTC_ae4b8/fast && /usr/bin/gmake  -f CMakeFiles/cmTC_ae4b8.dir/build.make CMakeFiles/cmTC_ae4b8.dir/build
gmake[1]: Entering directory '/home/wyatt/Documents/GitHub/SoloPractice/build/CMakeFiles/CMakeTmp'
Building C object CMakeFiles/cmTC_ae4b8.dir/src.c.o
/usr/bin/gcc -DLIBUNWIND_HAS_WORKINGLIBUNWIND  -idirafter "/home/wyatt/Documents/GitHub/SoloPractice/SDL2-2.30.0/src/video/khronos"  -D_GNU_SOURCE=1 -o CMakeFiles/cmTC_ae4b8.dir/src.c.o -c /home/wyatt/Documents/GitHub/SoloPractice/build/CMakeFiles/CMakeTmp/src.c
/home/wyatt/Documents/GitHub/SoloPractice/build/CMakeFiles/CMakeTmp/src.c:1:10: fatal error: libunwind.h: No such file or directory
    1 | #include <libunwind.h>
      |          ^~~~~~~~~~~~~
compilation terminated.
gmake[1]: *** [CMakeFiles/cmTC_ae4b8.dir/build.make:78: CMakeFiles/cmTC_ae4b8.dir/src.c.o] Error 1
gmake[1]: Leaving directory '/home/wyatt/Documents/GitHub/SoloPractice/build/CMakeFiles/CMakeTmp'
gmake: *** [Makefile:127: cmTC_ae4b8/fast] Error 2


Source file was:
#include <libunwind.h>
int main() {unw_context_t context; unw_getcontext(&context); return 0;}
Determining if files pthread_np.h exist failed with the following output:
Change Dir: /home/wyatt/Documents/GitHub/SoloPractice/build/CMakeFiles/CMakeTmp

Run Build Command(s):/usr/bin/gmake -f Makefile cmTC_9bb76/fast && /usr/bin/gmake  -f CMakeFiles/cmTC_9bb76.dir/build.make CMakeFiles/cmTC_9bb76.dir/build
gmake[1]: Entering directory '/home/wyatt/Documents/GitHub/SoloPractice/build/CMakeFiles/CMakeTmp'
Building C object CMakeFiles/cmTC_9bb76.dir/HAVE_PTHREAD_NP_H.c.o
/usr/bin/gcc   -idirafter "/home/wyatt/Documents/GitHub/SoloPractice/SDL2-2.30.0/src/video/khronos"  -D_GNU_SOURCE=1 -D_REENTRANT -pthread -o CMakeFiles/cmTC_9bb76.dir/HAVE_PTHREAD_NP_H.c.o -c /home/wyatt/Documents/GitHub/SoloPractice/build/CMakeFiles/CheckIncludeFiles/HAVE_PTHREAD_NP_H.c
/home/wyatt/Documents/GitHub/SoloPractice/build/CMakeFiles/CheckIncludeFiles/HAVE_PTHREAD_NP_H.c:2:10: fatal error: pthread_np.h: No such file or directory
    2 | #include <pthread_np.h>
      |          ^~~~~~~~~~~~~~
compilation terminated.
gmake[1]: *** [CMakeFiles/cmTC_9bb76.dir/build.make:78: CMakeFiles/cmTC_9bb76.dir/HAVE_PTHREAD_NP_H.c.o] Error 1
gmake[1]: Leaving directory '/home/wyatt/Documents/GitHub/SoloPractice/build/CMakeFiles/CMakeTmp'
gmake: *** [Makefile:127: cmTC_9bb76/fast] Error 2


Source:
/* */
#include <pthread_np.h>


int main(void){return 0;}

Determining if the include file samplerate.h exists failed with the following output:
Change Dir: /home/wyatt/Documents/GitHub/SoloPractice/build/CMakeFiles/CMakeTmp

Run Build Command(s):/usr/bin/gmake -f Makefile cmTC_b01d9/fast && /usr/bin/gmake  -f CMakeFiles/cmTC_b01d9.dir/build.make CMakeFiles/cmTC_b01d9.dir/build
gmake[1]: Entering directory '/home/wyatt/Documents/GitHub/SoloPractice/build/CMakeFiles/CMakeTmp'
Building C object CMakeFiles/cmTC_b01d9.dir/CheckIncludeFile.c.o
/usr/bin/gcc   -idirafter "/home/wyatt/Documents/GitHub/SoloPractice/SDL2-2.30.0/src/video/khronos" -DHAVE_LINUX_VERSION_H  -D_GNU_SOURCE=1 -o CMakeFiles/cmTC_b01d9.dir/CheckIncludeFile.c.o -c /home/wyatt/Documents/GitHub/SoloPractice/build/CMakeFiles/CMakeTmp/CheckIncludeFile.c
/home/wyatt/Documents/GitHub/SoloPractice/build/CMakeFiles/CMakeTmp/CheckIncludeFile.c:1:10: fatal error: samplerate.h: No such file or directory
    1 | #include <samplerate.h>
      |          ^~~~~~~~~~~~~~
compilation terminated.
gmake[1]: *** [CMakeFiles/cmTC_b01d9.dir/build.make:78: CMakeFiles/cmTC_b01d9.dir/CheckIncludeFile.c.o] Error 1
gmake[1]: Leaving directory '/home/wyatt/Documents/GitHub/SoloPractice/build/CMakeFiles/CMakeTmp'
gmake: *** [Makefile:127: cmTC_b01d9/fast] Error 2



